<?xml version="1.0" encoding="UTF-8"?>
<!-- Generated by org.testng.reporters.JUnitReportReporter -->
<testsuite skipped="0" hostname="aladmin-HP-EliteBook-840-G2" name="Sample1_Get_Request" tests="1" failures="0" timestamp="2021-12-02T16:53:00 IST" time="15.161" errors="0">
  <testcase name="UserDetails" time="15.161" classname="Sample1_Get_Request"/>
  <system-out/>
</testsuite> <!-- Sample1_Get_Request -->
