<?xml version="1.0" encoding="UTF-8"?>
<!-- Generated by org.testng.reporters.JUnitReportReporter -->
<testsuite skipped="0" hostname="aladmin-HP-EliteBook-840-G2" name="scripts.crc.Crc_Test" tests="2" failures="1" timestamp="2021-12-27T16:31:46 IST" time="177.729" errors="0">
  <testcase name="CRCSamplereport" time="85.772" classname="scripts.crc.Crc_Test"/>
  <system-out>
    <![CDATA[pass: element is visible 
pass: element is visible 
pass: element is visible 
pass: element is visible 
pass: element is visible 
pass: element is visible 
pass: element is visible 
pass: element is visible 
pass: element is visible 
pass: element is visible 
pass: element is visible 
×
check_circle
Client profile added successfully
pass: element is visible 
pass: element is visible 
pass: element is visible 
pass: element is visible 
pass: element is visible 
]]>
  </system-out>
  <testcase name="CRCPrgud" time="91.957" classname="scripts.crc.Crc_Test">
    <failure type="java.lang.AssertionError" message="null">
      <![CDATA[java.lang.AssertionError: null
at org.testng.Assert.fail(Assert.java:99)
at org.testng.Assert.fail(Assert.java:106)
at generic.BasePageCrc.elementvisibility(BasePageCrc.java:41)
at pom.ImportCreditreport_PrivacyGuard.importPrivacyGuard(ImportCreditreport_PrivacyGuard.java:121)
at scripts.crc.Crc_Test.CRCPrgud(Crc_Test.java:78)
at sun.reflect.NativeMethodAccessorImpl.invoke0(Native Method)
at sun.reflect.NativeMethodAccessorImpl.invoke(NativeMethodAccessorImpl.java:62)
at sun.reflect.DelegatingMethodAccessorImpl.invoke(DelegatingMethodAccessorImpl.java:43)
at java.lang.reflect.Method.invoke(Method.java:498)
at org.testng.internal.MethodInvocationHelper.invokeMethod(MethodInvocationHelper.java:133)
at org.testng.internal.TestInvoker.invokeMethod(TestInvoker.java:598)
at org.testng.internal.TestInvoker.invokeTestMethod(TestInvoker.java:173)
at org.testng.internal.MethodRunner.runInSequence(MethodRunner.java:46)
at org.testng.internal.TestInvoker$MethodInvocationAgent.invoke(TestInvoker.java:824)
at org.testng.internal.TestInvoker.invokeTestMethods(TestInvoker.java:146)
at org.testng.internal.TestMethodWorker.invokeTestMethods(TestMethodWorker.java:146)
at org.testng.internal.TestMethodWorker.run(TestMethodWorker.java:128)
at java.util.ArrayList.forEach(ArrayList.java:1259)
at org.testng.TestRunner.privateRun(TestRunner.java:794)
at org.testng.TestRunner.run(TestRunner.java:596)
at org.testng.SuiteRunner.runTest(SuiteRunner.java:377)
at org.testng.SuiteRunner.runSequentially(SuiteRunner.java:371)
at org.testng.SuiteRunner.privateRun(SuiteRunner.java:332)
at org.testng.SuiteRunner.run(SuiteRunner.java:276)
at org.testng.SuiteRunnerWorker.runSuite(SuiteRunnerWorker.java:53)
at org.testng.SuiteRunnerWorker.run(SuiteRunnerWorker.java:96)
at org.testng.TestNG.runSuitesSequentially(TestNG.java:1212)
at org.testng.TestNG.runSuitesLocally(TestNG.java:1134)
at org.testng.TestNG.runSuites(TestNG.java:1063)
at org.testng.TestNG.run(TestNG.java:1031)
at org.testng.remote.AbstractRemoteTestNG.run(AbstractRemoteTestNG.java:115)
at org.testng.remote.RemoteTestNG.initAndRun(RemoteTestNG.java:251)
at org.testng.remote.RemoteTestNG.main(RemoteTestNG.java:77)
]]>
    </failure>
  </testcase> <!-- CRCPrgud -->
  <system-out>
    <![CDATA[pass: element is visible 
pass: element is visible 
pass: element is visible 
pass: element is visible 
pass: element is visible 
pass: element is visible 
pass: element is visible 
pass: element is visible 
pass: element is visible 
pass: element is visible 
pass: element is visible 
×
check_circle
Client profile added successfully
pass: element is visible 
pass: element is visible 
pass: element is visible 
pass: element is visible 
pass: element is visible 
pass: element is visible 
pass: element is visible 
pass: element is visible 
pass: element is visible 

fail: element is not visible]]>
  </system-out>
</testsuite> <!-- scripts.crc.Crc_Test -->
