<?xml version="1.0" encoding="UTF-8"?>
<!-- Generated by org.testng.reporters.JUnitReportReporter -->
<testsuite skipped="0" hostname="aladmin-HP-EliteBook-840-G2" name="scripts.crc.Crc_Test" tests="2" failures="0" timestamp="2021-12-24T17:34:28 IST" time="120.096" errors="0">
  <testcase name="CRCSamplereport" time="71.074" classname="scripts.crc.Crc_Test"/>
  <system-out>
pass: element is visible  pass: element is visible  pass: element is visible  pass: element is visible  pass: element is visible  pass: element is visible  pass: element is visible  pass: element is visible  pass: element is visible  pass: element is visible  pass: element is visible  ×
check_circle
Client profile added successfully pass: element is visible  pass: element is visible  pass: element is visible  pass: element is visible  pass: element is visible    </system-out>
  <testcase name="CRCMyfrescnow" time="49.022" classname="scripts.crc.Crc_Test"/>
  <system-out>
pass: element is visible  pass: element is visible  pass: element is visible  pass: element is visible  pass: element is visible  pass: element is visible  pass: element is visible  pass: element is visible  pass: element is visible  pass: element is visible  pass: element is visible  ×
check_circle
Client profile added successfully pass: element is visible  pass: element is visible  pass: element is visible  pass: element is visible  pass: element is visible  pass: element is visible  pass: element is visible  pass: element is visible  pass: element is visible   </system-out>
</testsuite> <!-- scripts.crc.Crc_Test -->
