<?xml version="1.0" encoding="UTF-8"?>
<!-- Generated by org.testng.reporters.JUnitReportReporter -->
<testsuite skipped="0" hostname="aladmin-HP-EliteBook-840-G2" name="scripts.crc.loginscrpit" tests="1" failures="0" timestamp="2021-11-29T09:56:34 IST" time="20.086" errors="0">
  <testcase name="loginScript" time="20.086" classname="scripts.crc.loginscrpit"/>
  <system-out/>
</testsuite> <!-- scripts.crc.loginscrpit -->
