<?xml version="1.0" encoding="UTF-8"?>
<!-- Generated by org.testng.reporters.JUnitReportReporter -->
<testsuite skipped="0" hostname="aladmin-HP-EliteBook-840-G2" name="scripts.crc.Crc_Test" tests="1" failures="0" timestamp="2021-12-17T17:46:12 IST" time="45.749" errors="0">
  <testcase name="CRCMyfrescnow" time="45.749" classname="scripts.crc.Crc_Test"/>
  <system-out>
pass: element is visible  pass: element is visible  pass: element is visible  pass: element is visible  pass: element is visible  pass: element is visible  pass: element is visible  pass: element is visible  pass: element is visible  pass: element is visible  pass: element is visible  Ã—
check_circle
Client profile added successfully pass: element is visible  pass: element is visible  pass: element is visible  pass: element is visible  pass: element is visible  pass: element is visible  pass: element is visible  pass: element is visible  pass: element is visible   </system-out>
</testsuite> <!-- scripts.crc.Crc_Test -->
