<?xml version="1.0" encoding="UTF-8"?>
<!-- Generated by org.testng.reporters.JUnitReportReporter -->
<testsuite skipped="0" hostname="aladmin-HP-EliteBook-840-G2" name="scripts.crc.Crc_Test" tests="1" failures="0" timestamp="2021-12-06T18:14:05 IST" time="19.933" errors="0">
  <testcase name="CRC" time="19.933" classname="scripts.crc.Crc_Test"/>
  <system-out>
pass: element is visible  pass: element is visible  pass: element is visible  pass: element is visible   </system-out>
</testsuite> <!-- scripts.crc.Crc_Test -->
