<?xml version="1.0" encoding="UTF-8"?>
<!-- Generated by org.testng.reporters.JUnitReportReporter -->
<testsuite skipped="0" hostname="aladmin-HP-EliteBook-840-G2" name="scripts.crc.Crc_Test" tests="1" failures="0" timestamp="2021-12-07T15:53:22 IST" time="32.459" errors="0">
  <testcase name="CRC" time="32.459" classname="scripts.crc.Crc_Test"/>
  <system-out>
pass: element is visible  pass: element is visible  pass: element is visible  pass: element is visible  pass: element is visible  pass: element is visible  pass: element is visible  pass: element is visible  pass: element is visible  pass: element is visible  pass: element is visible  Ã—
check_circle
Client profile added successfully  </system-out>
</testsuite> <!-- scripts.crc.Crc_Test -->
