<?xml version="1.0" encoding="UTF-8"?>
<!-- Generated by org.testng.reporters.JUnitReportReporter -->
<testsuite skipped="0" hostname="aladmin-HP-EliteBook-840-G2" name="scripts.crc.Auditcreatedsucessfullypopup" tests="2" failures="0" timestamp="2021-11-29T12:36:43 IST" time="44.797" errors="0">
  <testcase name="loginScript" time="10.449" classname="scripts.crc.Auditcreatedsucessfullypopup"/>
  <system-out/>
  <testcase name="loginScript2" time="34.348" classname="scripts.crc.Auditcreatedsucessfullypopup"/>
  <system-out/>
</testsuite> <!-- scripts.crc.Auditcreatedsucessfullypopup -->
